[debug] [2017-11-02T02:47:05.865Z] ----------------------------------------------------------------------
[debug] [2017-11-02T02:47:05.867Z] Command:       /home/hasan/.asdf/installs/nodejs/8.5.0/bin/node /home/hasan/.asdf/installs/nodejs/8.5.0/.npm/bin/firebase serve
[debug] [2017-11-02T02:47:05.868Z] CLI Version:   3.14.0
[debug] [2017-11-02T02:47:05.868Z] Platform:      linux
[debug] [2017-11-02T02:47:05.868Z] Node Version:  v8.5.0
[debug] [2017-11-02T02:47:05.868Z] Time:          Thu Nov 02 2017 08:17:05 GMT+0530 (IST)
[debug] [2017-11-02T02:47:05.868Z] ----------------------------------------------------------------------
[debug] 
[debug] [2017-11-02T02:47:05.879Z] > command requires scopes: ["email","openid","https://www.googleapis.com/auth/cloudplatformprojects.readonly","https://www.googleapis.com/auth/firebase","https://www.googleapis.com/auth/cloud-platform"]
[debug] [2017-11-02T02:47:05.879Z] > authorizing via signed-in user
[debug] [2017-11-02T02:47:05.881Z] > refreshing access token with scopes: ["email","https://www.googleapis.com/auth/cloud-platform","https://www.googleapis.com/auth/cloudplatformprojects.readonly","https://www.googleapis.com/auth/firebase","openid"]
[debug] [2017-11-02T02:47:05.881Z] >>> HTTP REQUEST POST https://www.googleapis.com/oauth2/v3/token { refresh_token: '1/bp9XY6xX2YfZj_JfkFyDv0p5e4FlPik87LG3TthizipvTIj4NMmkYe0bCHRC4iEw',
  client_id: '563584335869-fgrhgmd47bqnekij5i8b5pr03ho849e6.apps.googleusercontent.com',
  client_secret: 'j9iVZfS8kkCEFUPaAeJV0sAi',
  grant_type: 'refresh_token',
  scope: 'email https://www.googleapis.com/auth/cloud-platform https://www.googleapis.com/auth/cloudplatformprojects.readonly https://www.googleapis.com/auth/firebase openid' } 
 Thu Nov 02 2017 08:17:05 GMT+0530 (IST)
[debug] [2017-11-02T02:47:06.135Z] <<< HTTP RESPONSE 200
[debug] [2017-11-02T02:47:06.141Z] >>> HTTP REQUEST GET https://admin.firebase.com/v1/projects/friendlychat-7eced  
 Thu Nov 02 2017 08:17:06 GMT+0530 (IST)
[debug] [2017-11-02T02:47:07.512Z] <<< HTTP RESPONSE 200
[debug] [2017-11-02T02:47:07.513Z] >>> HTTP REQUEST GET https://admin.firebase.com/v1/database/friendlychat-7eced/tokens  
 Thu Nov 02 2017 08:17:07 GMT+0530 (IST)
[debug] [2017-11-02T02:47:09.215Z] <<< HTTP RESPONSE 200
[info] 
[info] === Serving from '/home/hasan/projects/personal/learning/firebase/friendlychat-web/web-start'...
[info] 
[debug] [2017-11-02T02:47:09.218Z] >>> HTTP REQUEST GET https://cloudresourcemanager.googleapis.com/v1/projects/friendlychat-7eced  
 Thu Nov 02 2017 08:17:09 GMT+0530 (IST)
[debug] [2017-11-02T02:47:10.934Z] <<< HTTP RESPONSE 200
[debug] [2017-11-02T02:47:10.934Z] >>> HTTP REQUEST GET https://mobilesdk-pa.googleapis.com/v1/projects/491121188380/clients/_:getWebAppConfig  
 Thu Nov 02 2017 08:17:10 GMT+0530 (IST)
[debug] [2017-11-02T02:47:11.654Z] <<< HTTP RESPONSE 200
[info] i  hosting: Serving hosting files from: ./
[info] ✔  hosting: Local server: http://localhost:5000

